# JRE version: OpenJDK Runtime Environment (8.0) (build 1.8.0-25-microsoft-b00)
# Java VM: OpenJDK 64-Bit Server VM (25.71-b00 mixed mode windows-amd64 compressed oops)
Heap:
 PSYoungGen      total 13824K, used 8870K [0x0000000716000000, 0x0000000717100000, 0x00000007c0000000)
  eden space 11776K, 57% used [0x0000000716000000,0x00000007166aa248,0x0000000716b80000)
  from space 2048K, 99% used [0x0000000716e00000,0x0000000716fff688,0x0000000717000000)
  to   space 2560K, 0% used [0x0000000716b80000,0x0000000716b80000,0x0000000716e00000)
 ParOldGen       total 5632K, used 2819K [0x00000005c2000000, 0x00000005c2580000, 0x0000000716000000)
  object space 5632K, 50% used [0x00000005c2000000,0x00000005c22c0de8,0x00000005c2580000)
 Metaspace       used 7376K, capacity 8244K, committed 8320K, reserved 1056768K
  class space    used 857K, capacity 880K, committed 896K, reserved 1048576K
GC Heap History (10 events):
Event: 0.171 GC heap before
{Heap before GC invocations=2 (full 0):
 PSYoungGen      total 2048K, used 2032K [0x0000000716000000, 0x0000000716400000, 0x00000007c0000000)
  eden space 1536K, 100% used [0x0000000716000000,0x0000000716180000,0x0000000716180000)
  from space 512K, 96% used [0x0000000716180000,0x00000007161fc010,0x0000000716200000)
  to   space 512K, 0% used [0x0000000716380000,0x0000000716380000,0x0000000716400000)
 ParOldGen       total 5632K, used 56K [0x00000005c2000000, 0x00000005c2580000, 0x0000000716000000)
  object space 5632K, 0% used [0x00000005c2000000,0x00000005c200e020,0x00000005c2580000)
 Metaspace       used 3828K, capacity 5228K, committed 5376K, reserved 1056768K
  class space    used 433K, capacity 488K, committed 512K, reserved 1048576K
Event: 0.172 GC heap after
Heap after GC invocations=2 (full 0):
 PSYoungGen      total 3584K, used 496K [0x0000000716000000, 0x0000000716400000, 0x00000007c0000000)
  eden space 3072K, 0% used [0x0000000716000000,0x0000000716000000,0x0000000716300000)
  from space 512K, 96% used [0x0000000716380000,0x00000007163fc010,0x0000000716400000)
  to   space 512K, 0% used [0x0000000716300000,0x0000000716300000,0x0000000716380000)
 ParOldGen       total 5632K, used 176K [0x00000005c2000000, 0x00000005c2580000, 0x0000000716000000)
  object space 5632K, 3% used [0x00000005c2000000,0x00000005c202c020,0x00000005c2580000)
 Metaspace       used 3828K, capacity 5228K, committed 5376K, reserved 1056768K
  class space    used 433K, capacity 488K, committed 512K, reserved 1048576K
}
Event: 0.302 GC heap before
{Heap before GC invocations=3 (full 0):
 PSYoungGen      total 3584K, used 3568K [0x0000000716000000, 0x0000000716400000, 0x00000007c0000000)
  eden space 3072K, 100% used [0x0000000716000000,0x0000000716300000,0x0000000716300000)
  from space 512K, 96% used [0x0000000716380000,0x00000007163fc010,0x0000000716400000)
  to   space 512K, 0% used [0x0000000716300000,0x0000000716300000,0x0000000716380000)
 ParOldGen       total 5632K, used 176K [0x00000005c2000000, 0x00000005c2580000, 0x0000000716000000)
  object space 5632K, 3% used [0x00000005c2000000,0x00000005c202c020,0x00000005c2580000)
 Metaspace       used 4852K, capacity 6188K, committed 6272K, reserved 1056768K
  class space    used 574K, capacity 616K, committed 640K, reserved 1048576K
Event: 0.303 GC heap after
Heap after GC invocations=3 (full 0):
 PSYoungGen      total 3584K, used 496K [0x0000000716000000, 0x0000000716700000, 0x00000007c0000000)
  eden space 3072K, 0% used [0x0000000716000000,0x0000000716000000,0x0000000716300000)
  from space 512K, 96% used [0x0000000716300000,0x000000071637c010,0x0000000716380000)
  to   space 512K, 0% used [0x0000000716680000,0x0000000716680000,0x0000000716700000)
 ParOldGen       total 5632K, used 704K [0x00000005c2000000, 0x00000005c2580000, 0x0000000716000000)
  object space 5632K, 12% used [0x00000005c2000000,0x00000005c20b0040,0x00000005c2580000)
 Metaspace       used 4852K, capacity 6188K, committed 6272K, reserved 1056768K
  class space    used 574K, capacity 616K, committed 640K, reserved 1048576K
}
Event: 0.368 GC heap before
{Heap before GC invocations=4 (full 0):
 PSYoungGen      total 3584K, used 3551K [0x0000000716000000, 0x0000000716700000, 0x00000007c0000000)
  eden space 3072K, 99% used [0x0000000716000000,0x00000007162fbc28,0x0000000716300000)
  from space 512K, 96% used [0x0000000716300000,0x000000071637c010,0x0000000716380000)
  to   space 512K, 0% used [0x0000000716680000,0x0000000716680000,0x0000000716700000)
 ParOldGen       total 5632K, used 704K [0x00000005c2000000, 0x00000005c2580000, 0x0000000716000000)
  object space 5632K, 12% used [0x00000005c2000000,0x00000005c20b0040,0x00000005c2580000)
 Metaspace       used 5858K, capacity 7116K, committed 7296K, reserved 1056768K
  class space    used 721K, capacity 776K, committed 896K, reserved 1048576K
Event: 0.368 GC heap after
Heap after GC invocations=4 (full 0):
 PSYoungGen      total 6656K, used 495K [0x0000000716000000, 0x0000000716700000, 0x00000007c0000000)
  eden space 6144K, 0% used [0x0000000716000000,0x0000000716000000,0x0000000716600000)
  from space 512K, 96% used [0x0000000716680000,0x00000007166fbc20,0x0000000716700000)
  to   space 512K, 0% used [0x0000000716600000,0x0000000716600000,0x0000000716680000)
 ParOldGen       total 5632K, used 868K [0x00000005c2000000, 0x00000005c2580000, 0x0000000716000000)
  object space 5632K, 15% used [0x00000005c2000000,0x00000005c20d9050,0x00000005c2580000)
 Metaspace       used 5858K, capacity 7116K, committed 7296K, reserved 1056768K
  class space    used 721K, capacity 776K, committed 896K, reserved 1048576K
}
Event: 1.961 GC heap before
{Heap before GC invocations=5 (full 0):
 PSYoungGen      total 6656K, used 6217K [0x0000000716000000, 0x0000000716700000, 0x00000007c0000000)
  eden space 6144K, 93% used [0x0000000716000000,0x00000007165969a0,0x0000000716600000)
  from space 512K, 96% used [0x0000000716680000,0x00000007166fbc20,0x0000000716700000)
  to   space 512K, 0% used [0x0000000716600000,0x0000000716600000,0x0000000716680000)
 ParOldGen       total 5632K, used 868K [0x00000005c2000000, 0x00000005c2580000, 0x0000000716000000)
  object space 5632K, 15% used [0x00000005c2000000,0x00000005c20d9050,0x00000005c2580000)
 Metaspace       used 7232K, capacity 8180K, committed 8320K, reserved 1056768K
  class space    used 852K, capacity 880K, committed 896K, reserved 1048576K
Event: 1.964 GC heap after
Heap after GC invocations=5 (full 0):
 PSYoungGen      total 6656K, used 503K [0x0000000716000000, 0x0000000717000000, 0x00000007c0000000)
  eden space 6144K, 0% used [0x0000000716000000,0x0000000716000000,0x0000000716600000)
  from space 512K, 98% used [0x0000000716600000,0x000000071667dc78,0x0000000716680000)
  to   space 2048K, 0% used [0x0000000716e00000,0x0000000716e00000,0x0000000717000000)
 ParOldGen       total 5632K, used 2603K [0x00000005c2000000, 0x00000005c2580000, 0x0000000716000000)
  object space 5632K, 46% used [0x00000005c2000000,0x00000005c228ade8,0x00000005c2580000)
 Metaspace       used 7232K, capacity 8180K, committed 8320K, reserved 1056768K
  class space    used 852K, capacity 880K, committed 896K, reserved 1048576K
}
Event: 2.018 GC heap before
{Heap before GC invocations=6 (full 0):
 PSYoungGen      total 6656K, used 6647K [0x0000000716000000, 0x0000000717000000, 0x00000007c0000000)
  eden space 6144K, 100% used [0x0000000716000000,0x0000000716600000,0x0000000716600000)
  from space 512K, 98% used [0x0000000716600000,0x000000071667dc78,0x0000000716680000)
  to   space 2048K, 0% used [0x0000000716e00000,0x0000000716e00000,0x0000000717000000)
 ParOldGen       total 5632K, used 2603K [0x00000005c2000000, 0x00000005c2580000, 0x0000000716000000)
  object space 5632K, 46% used [0x00000005c2000000,0x00000005c228ade8,0x00000005c2580000)
 Metaspace       used 7310K, capacity 8244K, committed 8320K, reserved 1056768K
  class space    used 857K, capacity 880K, committed 896K, reserved 1048576K
Event: 2.019 GC heap after
Heap after GC invocations=6 (full 0):
 PSYoungGen      total 13824K, used 2045K [0x0000000716000000, 0x0000000717100000, 0x00000007c0000000)
  eden space 11776K, 0% used [0x0000000716000000,0x0000000716000000,0x0000000716b80000)
  from space 2048K, 99% used [0x0000000716e00000,0x0000000716fff688,0x0000000717000000)
  to   space 2560K, 0% used [0x0000000716b80000,0x0000000716b80000,0x0000000716e00000)
 ParOldGen       total 5632K, used 2819K [0x00000005c2000000, 0x00000005c2580000, 0x0000000716000000)
  object space 5632K, 50% used [0x00000005c2000000,0x00000005c22c0de8,0x00000005c2580000)
 Metaspace       used 7310K, capacity 8244K, committed 8320K, reserved 1056768K
  class space    used 857K, capacity 880K, committed 896K, reserved 1048576K
}

