# JRE version: OpenJDK Runtime Environment (8.0) (build 1.8.0-25-microsoft-b00)
# Java VM: OpenJDK 64-Bit Server VM (25.71-b00 mixed mode windows-amd64 compressed oops)
Heap:
 PSYoungGen      total 152576K, used 64695K [0x00000000eab00000, 0x00000000f5500000, 0x0000000100000000)
  eden space 131072K, 48% used [0x00000000eab00000,0x00000000ee8e5c08,0x00000000f2b00000)
  from space 21504K, 6% used [0x00000000f2b00000,0x00000000f2c48000,0x00000000f4000000)
  to   space 21504K, 0% used [0x00000000f4000000,0x00000000f4000000,0x00000000f5500000)
 ParOldGen       total 348160K, used 69617K [0x00000000c0000000, 0x00000000d5400000, 0x00000000eab00000)
  object space 348160K, 19% used [0x00000000c0000000,0x00000000c43fc578,0x00000000d5400000)
 Metaspace       used 16027K, capacity 17054K, committed 17408K, reserved 1064960K
  class space    used 1928K, capacity 2205K, committed 2304K, reserved 1048576K
GC Heap History (10 events):
Event: 3.851 GC heap before
{Heap before GC invocations=9 (full 0):
 PSYoungGen      total 152576K, used 136992K [0x00000000eab00000, 0x00000000f5500000, 0x0000000100000000)
  eden space 131072K, 100% used [0x00000000eab00000,0x00000000f2b00000,0x00000000f2b00000)
  from space 21504K, 27% used [0x00000000f4000000,0x00000000f45c8000,0x00000000f5500000)
  to   space 21504K, 0% used [0x00000000f2b00000,0x00000000f2b00000,0x00000000f4000000)
 ParOldGen       total 348160K, used 58209K [0x00000000c0000000, 0x00000000d5400000, 0x00000000eab00000)
  object space 348160K, 16% used [0x00000000c0000000,0x00000000c38d8558,0x00000000d5400000)
 Metaspace       used 15955K, capacity 16986K, committed 17152K, reserved 1064960K
  class space    used 1928K, capacity 2205K, committed 2304K, reserved 1048576K
Event: 3.859 GC heap after
Heap after GC invocations=9 (full 0):
 PSYoungGen      total 152576K, used 5460K [0x00000000eab00000, 0x00000000f5500000, 0x0000000100000000)
  eden space 131072K, 0% used [0x00000000eab00000,0x00000000eab00000,0x00000000f2b00000)
  from space 21504K, 25% used [0x00000000f2b00000,0x00000000f3055110,0x00000000f4000000)
  to   space 21504K, 0% used [0x00000000f4000000,0x00000000f4000000,0x00000000f5500000)
 ParOldGen       total 348160K, used 60673K [0x00000000c0000000, 0x00000000d5400000, 0x00000000eab00000)
  object space 348160K, 17% used [0x00000000c0000000,0x00000000c3b40568,0x00000000d5400000)
 Metaspace       used 15955K, capacity 16986K, committed 17152K, reserved 1064960K
  class space    used 1928K, capacity 2205K, committed 2304K, reserved 1048576K
}
Event: 4.009 GC heap before
{Heap before GC invocations=10 (full 0):
 PSYoungGen      total 152576K, used 136532K [0x00000000eab00000, 0x00000000f5500000, 0x0000000100000000)
  eden space 131072K, 100% used [0x00000000eab00000,0x00000000f2b00000,0x00000000f2b00000)
  from space 21504K, 25% used [0x00000000f2b00000,0x00000000f3055110,0x00000000f4000000)
  to   space 21504K, 0% used [0x00000000f4000000,0x00000000f4000000,0x00000000f5500000)
 ParOldGen       total 348160K, used 60673K [0x00000000c0000000, 0x00000000d5400000, 0x00000000eab00000)
  object space 348160K, 17% used [0x00000000c0000000,0x00000000c3b40568,0x00000000d5400000)
 Metaspace       used 15979K, capacity 16986K, committed 17152K, reserved 1064960K
  class space    used 1928K, capacity 2205K, committed 2304K, reserved 1048576K
Event: 4.020 GC heap after
Heap after GC invocations=10 (full 0):
 PSYoungGen      total 152576K, used 3216K [0x00000000eab00000, 0x00000000f5500000, 0x0000000100000000)
  eden space 131072K, 0% used [0x00000000eab00000,0x00000000eab00000,0x00000000f2b00000)
  from space 21504K, 14% used [0x00000000f4000000,0x00000000f4324010,0x00000000f5500000)
  to   space 21504K, 0% used [0x00000000f2b00000,0x00000000f2b00000,0x00000000f4000000)
 ParOldGen       total 348160K, used 63929K [0x00000000c0000000, 0x00000000d5400000, 0x00000000eab00000)
  object space 348160K, 18% used [0x00000000c0000000,0x00000000c3e6e568,0x00000000d5400000)
 Metaspace       used 15979K, capacity 16986K, committed 17152K, reserved 1064960K
  class space    used 1928K, capacity 2205K, committed 2304K, reserved 1048576K
}
Event: 4.152 GC heap before
{Heap before GC invocations=11 (full 0):
 PSYoungGen      total 152576K, used 134288K [0x00000000eab00000, 0x00000000f5500000, 0x0000000100000000)
  eden space 131072K, 100% used [0x00000000eab00000,0x00000000f2b00000,0x00000000f2b00000)
  from space 21504K, 14% used [0x00000000f4000000,0x00000000f4324010,0x00000000f5500000)
  to   space 21504K, 0% used [0x00000000f2b00000,0x00000000f2b00000,0x00000000f4000000)
 ParOldGen       total 348160K, used 63929K [0x00000000c0000000, 0x00000000d5400000, 0x00000000eab00000)
  object space 348160K, 18% used [0x00000000c0000000,0x00000000c3e6e568,0x00000000d5400000)
 Metaspace       used 16001K, capacity 17054K, committed 17408K, reserved 1064960K
  class space    used 1928K, capacity 2205K, committed 2304K, reserved 1048576K
Event: 4.158 GC heap after
Heap after GC invocations=11 (full 0):
 PSYoungGen      total 152576K, used 1440K [0x00000000eab00000, 0x00000000f5500000, 0x0000000100000000)
  eden space 131072K, 0% used [0x00000000eab00000,0x00000000eab00000,0x00000000f2b00000)
  from space 21504K, 6% used [0x00000000f2b00000,0x00000000f2c68000,0x00000000f4000000)
  to   space 21504K, 0% used [0x00000000f4000000,0x00000000f4000000,0x00000000f5500000)
 ParOldGen       total 348160K, used 66841K [0x00000000c0000000, 0x00000000d5400000, 0x00000000eab00000)
  object space 348160K, 19% used [0x00000000c0000000,0x00000000c4146578,0x00000000d5400000)
 Metaspace       used 16001K, capacity 17054K, committed 17408K, reserved 1064960K
  class space    used 1928K, capacity 2205K, committed 2304K, reserved 1048576K
}
Event: 4.318 GC heap before
{Heap before GC invocations=12 (full 0):
 PSYoungGen      total 152576K, used 132512K [0x00000000eab00000, 0x00000000f5500000, 0x0000000100000000)
  eden space 131072K, 100% used [0x00000000eab00000,0x00000000f2b00000,0x00000000f2b00000)
  from space 21504K, 6% used [0x00000000f2b00000,0x00000000f2c68000,0x00000000f4000000)
  to   space 21504K, 0% used [0x00000000f4000000,0x00000000f4000000,0x00000000f5500000)
 ParOldGen       total 348160K, used 66841K [0x00000000c0000000, 0x00000000d5400000, 0x00000000eab00000)
  object space 348160K, 19% used [0x00000000c0000000,0x00000000c4146578,0x00000000d5400000)
 Metaspace       used 16013K, capacity 17054K, committed 17408K, reserved 1064960K
  class space    used 1928K, capacity 2205K, committed 2304K, reserved 1048576K
Event: 4.325 GC heap after
Heap after GC invocations=12 (full 0):
 PSYoungGen      total 152576K, used 1696K [0x00000000eab00000, 0x00000000f5500000, 0x0000000100000000)
  eden space 131072K, 0% used [0x00000000eab00000,0x00000000eab00000,0x00000000f2b00000)
  from space 21504K, 7% used [0x00000000f4000000,0x00000000f41a8000,0x00000000f5500000)
  to   space 21504K, 0% used [0x00000000f2b00000,0x00000000f2b00000,0x00000000f4000000)
 ParOldGen       total 348160K, used 68089K [0x00000000c0000000, 0x00000000d5400000, 0x00000000eab00000)
  object space 348160K, 19% used [0x00000000c0000000,0x00000000c427e578,0x00000000d5400000)
 Metaspace       used 16013K, capacity 17054K, committed 17408K, reserved 1064960K
  class space    used 1928K, capacity 2205K, committed 2304K, reserved 1048576K
}
Event: 4.460 GC heap before
{Heap before GC invocations=13 (full 0):
 PSYoungGen      total 152576K, used 132768K [0x00000000eab00000, 0x00000000f5500000, 0x0000000100000000)
  eden space 131072K, 100% used [0x00000000eab00000,0x00000000f2b00000,0x00000000f2b00000)
  from space 21504K, 7% used [0x00000000f4000000,0x00000000f41a8000,0x00000000f5500000)
  to   space 21504K, 0% used [0x00000000f2b00000,0x00000000f2b00000,0x00000000f4000000)
 ParOldGen       total 348160K, used 68089K [0x00000000c0000000, 0x00000000d5400000, 0x00000000eab00000)
  object space 348160K, 19% used [0x00000000c0000000,0x00000000c427e578,0x00000000d5400000)
 Metaspace       used 16023K, capacity 17054K, committed 17408K, reserved 1064960K
  class space    used 1928K, capacity 2205K, committed 2304K, reserved 1048576K
Event: 4.464 GC heap after
Heap after GC invocations=13 (full 0):
 PSYoungGen      total 152576K, used 1312K [0x00000000eab00000, 0x00000000f5500000, 0x0000000100000000)
  eden space 131072K, 0% used [0x00000000eab00000,0x00000000eab00000,0x00000000f2b00000)
  from space 21504K, 6% used [0x00000000f2b00000,0x00000000f2c48000,0x00000000f4000000)
  to   space 21504K, 0% used [0x00000000f4000000,0x00000000f4000000,0x00000000f5500000)
 ParOldGen       total 348160K, used 69617K [0x00000000c0000000, 0x00000000d5400000, 0x00000000eab00000)
  object space 348160K, 19% used [0x00000000c0000000,0x00000000c43fc578,0x00000000d5400000)
 Metaspace       used 16023K, capacity 17054K, committed 17408K, reserved 1064960K
  class space    used 1928K, capacity 2205K, committed 2304K, reserved 1048576K
}

