# JRE version: OpenJDK Runtime Environment (8.0) (build 1.8.0-25-microsoft-b00)
# Java VM: OpenJDK 64-Bit Server VM (25.71-b00 mixed mode windows-amd64 compressed oops)
Heap:
 PSYoungGen      total 195072K, used 55277K [0x00000000eab00000, 0x00000000f8480000, 0x0000000100000000)
  eden space 170496K, 31% used [0x00000000eab00000,0x00000000edf7b698,0x00000000f5180000)
  from space 24576K, 6% used [0x00000000f6c80000,0x00000000f6e00000,0x00000000f8480000)
  to   space 26112K, 0% used [0x00000000f5180000,0x00000000f5180000,0x00000000f6b00000)
 ParOldGen       total 348160K, used 88430K [0x00000000c0000000, 0x00000000d5400000, 0x00000000eab00000)
  object space 348160K, 25% used [0x00000000c0000000,0x00000000c565b870,0x00000000d5400000)
 Metaspace       used 16140K, capacity 17214K, committed 17408K, reserved 1064960K
  class space    used 1933K, capacity 2209K, committed 2304K, reserved 1048576K
GC Heap History (10 events):
Event: 5.775 GC heap before
{Heap before GC invocations=22 (full 0):
 PSYoungGen      total 152576K, used 133280K [0x00000000eab00000, 0x00000000f5500000, 0x0000000100000000)
  eden space 131072K, 100% used [0x00000000eab00000,0x00000000f2b00000,0x00000000f2b00000)
  from space 21504K, 10% used [0x00000000f2b00000,0x00000000f2d28010,0x00000000f4000000)
  to   space 21504K, 0% used [0x00000000f4000000,0x00000000f4000000,0x00000000f5500000)
 ParOldGen       total 348160K, used 82006K [0x00000000c0000000, 0x00000000d5400000, 0x00000000eab00000)
  object space 348160K, 23% used [0x00000000c0000000,0x00000000c5015840,0x00000000d5400000)
 Metaspace       used 16061K, capacity 17146K, committed 17408K, reserved 1064960K
  class space    used 1926K, capacity 2207K, committed 2304K, reserved 1048576K
Event: 5.784 GC heap after
Heap after GC invocations=22 (full 0):
 PSYoungGen      total 152576K, used 1200K [0x00000000eab00000, 0x00000000f5500000, 0x0000000100000000)
  eden space 131072K, 0% used [0x00000000eab00000,0x00000000eab00000,0x00000000f2b00000)
  from space 21504K, 5% used [0x00000000f4000000,0x00000000f412c010,0x00000000f5500000)
  to   space 21504K, 0% used [0x00000000f2b00000,0x00000000f2b00000,0x00000000f4000000)
 ParOldGen       total 348160K, used 83606K [0x00000000c0000000, 0x00000000d5400000, 0x00000000eab00000)
  object space 348160K, 24% used [0x00000000c0000000,0x00000000c51a5850,0x00000000d5400000)
 Metaspace       used 16061K, capacity 17146K, committed 17408K, reserved 1064960K
  class space    used 1926K, capacity 2207K, committed 2304K, reserved 1048576K
}
Event: 5.980 GC heap before
{Heap before GC invocations=23 (full 0):
 PSYoungGen      total 152576K, used 132272K [0x00000000eab00000, 0x00000000f5500000, 0x0000000100000000)
  eden space 131072K, 100% used [0x00000000eab00000,0x00000000f2b00000,0x00000000f2b00000)
  from space 21504K, 5% used [0x00000000f4000000,0x00000000f412c010,0x00000000f5500000)
  to   space 21504K, 0% used [0x00000000f2b00000,0x00000000f2b00000,0x00000000f4000000)
 ParOldGen       total 348160K, used 83606K [0x00000000c0000000, 0x00000000d5400000, 0x00000000eab00000)
  object space 348160K, 24% used [0x00000000c0000000,0x00000000c51a5850,0x00000000d5400000)
 Metaspace       used 16061K, capacity 17146K, committed 17408K, reserved 1064960K
  class space    used 1926K, capacity 2207K, committed 2304K, reserved 1048576K
Event: 5.986 GC heap after
Heap after GC invocations=23 (full 0):
 PSYoungGen      total 152576K, used 1536K [0x00000000eab00000, 0x00000000f5500000, 0x0000000100000000)
  eden space 131072K, 0% used [0x00000000eab00000,0x00000000eab00000,0x00000000f2b00000)
  from space 21504K, 7% used [0x00000000f2b00000,0x00000000f2c80000,0x00000000f4000000)
  to   space 21504K, 0% used [0x00000000f4000000,0x00000000f4000000,0x00000000f5500000)
 ParOldGen       total 348160K, used 84518K [0x00000000c0000000, 0x00000000d5400000, 0x00000000eab00000)
  object space 348160K, 24% used [0x00000000c0000000,0x00000000c5289860,0x00000000d5400000)
 Metaspace       used 16061K, capacity 17146K, committed 17408K, reserved 1064960K
  class space    used 1926K, capacity 2207K, committed 2304K, reserved 1048576K
}
Event: 6.197 GC heap before
{Heap before GC invocations=24 (full 0):
 PSYoungGen      total 152576K, used 132608K [0x00000000eab00000, 0x00000000f5500000, 0x0000000100000000)
  eden space 131072K, 100% used [0x00000000eab00000,0x00000000f2b00000,0x00000000f2b00000)
  from space 21504K, 7% used [0x00000000f2b00000,0x00000000f2c80000,0x00000000f4000000)
  to   space 21504K, 0% used [0x00000000f4000000,0x00000000f4000000,0x00000000f5500000)
 ParOldGen       total 348160K, used 84518K [0x00000000c0000000, 0x00000000d5400000, 0x00000000eab00000)
  object space 348160K, 24% used [0x00000000c0000000,0x00000000c5289860,0x00000000d5400000)
 Metaspace       used 16075K, capacity 17146K, committed 17408K, reserved 1064960K
  class space    used 1926K, capacity 2207K, committed 2304K, reserved 1048576K
Event: 6.205 GC heap after
Heap after GC invocations=24 (full 0):
 PSYoungGen      total 152576K, used 1344K [0x00000000eab00000, 0x00000000f5500000, 0x0000000100000000)
  eden space 131072K, 0% used [0x00000000eab00000,0x00000000eab00000,0x00000000f2b00000)
  from space 21504K, 6% used [0x00000000f4000000,0x00000000f4150000,0x00000000f5500000)
  to   space 21504K, 0% used [0x00000000f2b00000,0x00000000f2b00000,0x00000000f4000000)
 ParOldGen       total 348160K, used 85806K [0x00000000c0000000, 0x00000000d5400000, 0x00000000eab00000)
  object space 348160K, 24% used [0x00000000c0000000,0x00000000c53cb860,0x00000000d5400000)
 Metaspace       used 16075K, capacity 17146K, committed 17408K, reserved 1064960K
  class space    used 1926K, capacity 2207K, committed 2304K, reserved 1048576K
}
Event: 6.534 GC heap before
{Heap before GC invocations=25 (full 0):
 PSYoungGen      total 152576K, used 132416K [0x00000000eab00000, 0x00000000f5500000, 0x0000000100000000)
  eden space 131072K, 100% used [0x00000000eab00000,0x00000000f2b00000,0x00000000f2b00000)
  from space 21504K, 6% used [0x00000000f4000000,0x00000000f4150000,0x00000000f5500000)
  to   space 21504K, 0% used [0x00000000f2b00000,0x00000000f2b00000,0x00000000f4000000)
 ParOldGen       total 348160K, used 85806K [0x00000000c0000000, 0x00000000d5400000, 0x00000000eab00000)
  object space 348160K, 24% used [0x00000000c0000000,0x00000000c53cb860,0x00000000d5400000)
 Metaspace       used 16083K, capacity 17146K, committed 17408K, reserved 1064960K
  class space    used 1926K, capacity 2207K, committed 2304K, reserved 1048576K
Event: 6.541 GC heap after
Heap after GC invocations=25 (full 0):
 PSYoungGen      total 152576K, used 1696K [0x00000000eab00000, 0x00000000f8780000, 0x0000000100000000)
  eden space 131072K, 0% used [0x00000000eab00000,0x00000000eab00000,0x00000000f2b00000)
  from space 21504K, 7% used [0x00000000f2b00000,0x00000000f2ca8010,0x00000000f4000000)
  to   space 27648K, 0% used [0x00000000f6c80000,0x00000000f6c80000,0x00000000f8780000)
 ParOldGen       total 348160K, used 86894K [0x00000000c0000000, 0x00000000d5400000, 0x00000000eab00000)
  object space 348160K, 24% used [0x00000000c0000000,0x00000000c54db860,0x00000000d5400000)
 Metaspace       used 16083K, capacity 17146K, committed 17408K, reserved 1064960K
  class space    used 1926K, capacity 2207K, committed 2304K, reserved 1048576K
}
Event: 6.707 GC heap before
{Heap before GC invocations=26 (full 0):
 PSYoungGen      total 152576K, used 132768K [0x00000000eab00000, 0x00000000f8780000, 0x0000000100000000)
  eden space 131072K, 100% used [0x00000000eab00000,0x00000000f2b00000,0x00000000f2b00000)
  from space 21504K, 7% used [0x00000000f2b00000,0x00000000f2ca8010,0x00000000f4000000)
  to   space 27648K, 0% used [0x00000000f6c80000,0x00000000f6c80000,0x00000000f8780000)
 ParOldGen       total 348160K, used 86894K [0x00000000c0000000, 0x00000000d5400000, 0x00000000eab00000)
  object space 348160K, 24% used [0x00000000c0000000,0x00000000c54db860,0x00000000d5400000)
 Metaspace       used 16086K, capacity 17146K, committed 17408K, reserved 1064960K
  class space    used 1926K, capacity 2207K, committed 2304K, reserved 1048576K
Event: 6.712 GC heap after
Heap after GC invocations=26 (full 0):
 PSYoungGen      total 195072K, used 1536K [0x00000000eab00000, 0x00000000f8480000, 0x0000000100000000)
  eden space 170496K, 0% used [0x00000000eab00000,0x00000000eab00000,0x00000000f5180000)
  from space 24576K, 6% used [0x00000000f6c80000,0x00000000f6e00000,0x00000000f8480000)
  to   space 26112K, 0% used [0x00000000f5180000,0x00000000f5180000,0x00000000f6b00000)
 ParOldGen       total 348160K, used 88430K [0x00000000c0000000, 0x00000000d5400000, 0x00000000eab00000)
  object space 348160K, 25% used [0x00000000c0000000,0x00000000c565b870,0x00000000d5400000)
 Metaspace       used 16086K, capacity 17146K, committed 17408K, reserved 1064960K
  class space    used 1926K, capacity 2207K, committed 2304K, reserved 1048576K
}

