# JRE version: OpenJDK Runtime Environment (8.0) (build 1.8.0-25-microsoft-b00)
# Java VM: OpenJDK 64-Bit Server VM (25.71-b00 mixed mode windows-amd64 compressed oops)
Heap:
 PSYoungGen      total 13824K, used 10149K [0x0000000716000000, 0x0000000717100000, 0x00000007c0000000)
  eden space 11776K, 69% used [0x0000000716000000,0x00000007167f0560,0x0000000716b80000)
  from space 2048K, 98% used [0x0000000716e00000,0x0000000716ff8f80,0x0000000717000000)
  to   space 2560K, 0% used [0x0000000716b80000,0x0000000716b80000,0x0000000716e00000)
 ParOldGen       total 5632K, used 2898K [0x00000005c2000000, 0x00000005c2580000, 0x0000000716000000)
  object space 5632K, 51% used [0x00000005c2000000,0x00000005c22d4898,0x00000005c2580000)
 Metaspace       used 7382K, capacity 8244K, committed 8320K, reserved 1056768K
  class space    used 857K, capacity 880K, committed 896K, reserved 1048576K
GC Heap History (10 events):
Event: 0.159 GC heap before
{Heap before GC invocations=2 (full 0):
 PSYoungGen      total 2048K, used 2032K [0x0000000716000000, 0x0000000716400000, 0x00000007c0000000)
  eden space 1536K, 100% used [0x0000000716000000,0x0000000716180000,0x0000000716180000)
  from space 512K, 96% used [0x0000000716180000,0x00000007161fc030,0x0000000716200000)
  to   space 512K, 0% used [0x0000000716380000,0x0000000716380000,0x0000000716400000)
 ParOldGen       total 5632K, used 44K [0x00000005c2000000, 0x00000005c2580000, 0x0000000716000000)
  object space 5632K, 0% used [0x00000005c2000000,0x00000005c200b010,0x00000005c2580000)
 Metaspace       used 3828K, capacity 5228K, committed 5376K, reserved 1056768K
  class space    used 433K, capacity 488K, committed 512K, reserved 1048576K
Event: 0.160 GC heap after
Heap after GC invocations=2 (full 0):
 PSYoungGen      total 3584K, used 496K [0x0000000716000000, 0x0000000716400000, 0x00000007c0000000)
  eden space 3072K, 0% used [0x0000000716000000,0x0000000716000000,0x0000000716300000)
  from space 512K, 96% used [0x0000000716380000,0x00000007163fc010,0x0000000716400000)
  to   space 512K, 0% used [0x0000000716300000,0x0000000716300000,0x0000000716380000)
 ParOldGen       total 5632K, used 156K [0x00000005c2000000, 0x00000005c2580000, 0x0000000716000000)
  object space 5632K, 2% used [0x00000005c2000000,0x00000005c2027010,0x00000005c2580000)
 Metaspace       used 3828K, capacity 5228K, committed 5376K, reserved 1056768K
  class space    used 433K, capacity 488K, committed 512K, reserved 1048576K
}
Event: 0.225 GC heap before
{Heap before GC invocations=3 (full 0):
 PSYoungGen      total 3584K, used 3568K [0x0000000716000000, 0x0000000716400000, 0x00000007c0000000)
  eden space 3072K, 100% used [0x0000000716000000,0x0000000716300000,0x0000000716300000)
  from space 512K, 96% used [0x0000000716380000,0x00000007163fc010,0x0000000716400000)
  to   space 512K, 0% used [0x0000000716300000,0x0000000716300000,0x0000000716380000)
 ParOldGen       total 5632K, used 156K [0x00000005c2000000, 0x00000005c2580000, 0x0000000716000000)
  object space 5632K, 2% used [0x00000005c2000000,0x00000005c2027010,0x00000005c2580000)
 Metaspace       used 4846K, capacity 6188K, committed 6272K, reserved 1056768K
  class space    used 575K, capacity 616K, committed 640K, reserved 1048576K
Event: 0.226 GC heap after
Heap after GC invocations=3 (full 0):
 PSYoungGen      total 3584K, used 512K [0x0000000716000000, 0x0000000716700000, 0x00000007c0000000)
  eden space 3072K, 0% used [0x0000000716000000,0x0000000716000000,0x0000000716300000)
  from space 512K, 100% used [0x0000000716300000,0x0000000716380000,0x0000000716380000)
  to   space 512K, 0% used [0x0000000716680000,0x0000000716680000,0x0000000716700000)
 ParOldGen       total 5632K, used 636K [0x00000005c2000000, 0x00000005c2580000, 0x0000000716000000)
  object space 5632K, 11% used [0x00000005c2000000,0x00000005c209f030,0x00000005c2580000)
 Metaspace       used 4846K, capacity 6188K, committed 6272K, reserved 1056768K
  class space    used 575K, capacity 616K, committed 640K, reserved 1048576K
}
Event: 0.293 GC heap before
{Heap before GC invocations=4 (full 0):
 PSYoungGen      total 3584K, used 3566K [0x0000000716000000, 0x0000000716700000, 0x00000007c0000000)
  eden space 3072K, 99% used [0x0000000716000000,0x00000007162fbb48,0x0000000716300000)
  from space 512K, 100% used [0x0000000716300000,0x0000000716380000,0x0000000716380000)
  to   space 512K, 0% used [0x0000000716680000,0x0000000716680000,0x0000000716700000)
 ParOldGen       total 5632K, used 636K [0x00000005c2000000, 0x00000005c2580000, 0x0000000716000000)
  object space 5632K, 11% used [0x00000005c2000000,0x00000005c209f030,0x00000005c2580000)
 Metaspace       used 5859K, capacity 7116K, committed 7296K, reserved 1056768K
  class space    used 721K, capacity 776K, committed 896K, reserved 1048576K
Event: 0.294 GC heap after
Heap after GC invocations=4 (full 0):
 PSYoungGen      total 6656K, used 495K [0x0000000716000000, 0x0000000716700000, 0x00000007c0000000)
  eden space 6144K, 0% used [0x0000000716000000,0x0000000716000000,0x0000000716600000)
  from space 512K, 96% used [0x0000000716680000,0x00000007166fbc20,0x0000000716700000)
  to   space 512K, 0% used [0x0000000716600000,0x0000000716600000,0x0000000716680000)
 ParOldGen       total 5632K, used 832K [0x00000005c2000000, 0x00000005c2580000, 0x0000000716000000)
  object space 5632K, 14% used [0x00000005c2000000,0x00000005c20d0040,0x00000005c2580000)
 Metaspace       used 5859K, capacity 7116K, committed 7296K, reserved 1056768K
  class space    used 721K, capacity 776K, committed 896K, reserved 1048576K
}
Event: 1.809 GC heap before
{Heap before GC invocations=5 (full 0):
 PSYoungGen      total 6656K, used 6513K [0x0000000716000000, 0x0000000716700000, 0x00000007c0000000)
  eden space 6144K, 97% used [0x0000000716000000,0x00000007165e0b78,0x0000000716600000)
  from space 512K, 96% used [0x0000000716680000,0x00000007166fbc20,0x0000000716700000)
  to   space 512K, 0% used [0x0000000716600000,0x0000000716600000,0x0000000716680000)
 ParOldGen       total 5632K, used 832K [0x00000005c2000000, 0x00000005c2580000, 0x0000000716000000)
  object space 5632K, 14% used [0x00000005c2000000,0x00000005c20d0040,0x00000005c2580000)
 Metaspace       used 7245K, capacity 8180K, committed 8320K, reserved 1056768K
  class space    used 852K, capacity 880K, committed 896K, reserved 1048576K
Event: 1.812 GC heap after
Heap after GC invocations=5 (full 0):
 PSYoungGen      total 6656K, used 512K [0x0000000716000000, 0x0000000717000000, 0x00000007c0000000)
  eden space 6144K, 0% used [0x0000000716000000,0x0000000716000000,0x0000000716600000)
  from space 512K, 100% used [0x0000000716600000,0x0000000716680000,0x0000000716680000)
  to   space 2048K, 0% used [0x0000000716e00000,0x0000000716e00000,0x0000000717000000)
 ParOldGen       total 5632K, used 2642K [0x00000005c2000000, 0x00000005c2580000, 0x0000000716000000)
  object space 5632K, 46% used [0x00000005c2000000,0x00000005c2294898,0x00000005c2580000)
 Metaspace       used 7245K, capacity 8180K, committed 8320K, reserved 1056768K
  class space    used 852K, capacity 880K, committed 896K, reserved 1048576K
}
Event: 1.893 GC heap before
{Heap before GC invocations=6 (full 0):
 PSYoungGen      total 6656K, used 6656K [0x0000000716000000, 0x0000000717000000, 0x00000007c0000000)
  eden space 6144K, 100% used [0x0000000716000000,0x0000000716600000,0x0000000716600000)
  from space 512K, 100% used [0x0000000716600000,0x0000000716680000,0x0000000716680000)
  to   space 2048K, 0% used [0x0000000716e00000,0x0000000716e00000,0x0000000717000000)
 ParOldGen       total 5632K, used 2642K [0x00000005c2000000, 0x00000005c2580000, 0x0000000716000000)
  object space 5632K, 46% used [0x00000005c2000000,0x00000005c2294898,0x00000005c2580000)
 Metaspace       used 7317K, capacity 8244K, committed 8320K, reserved 1056768K
  class space    used 857K, capacity 880K, committed 896K, reserved 1048576K
Event: 1.897 GC heap after
Heap after GC invocations=6 (full 0):
 PSYoungGen      total 13824K, used 2019K [0x0000000716000000, 0x0000000717100000, 0x00000007c0000000)
  eden space 11776K, 0% used [0x0000000716000000,0x0000000716000000,0x0000000716b80000)
  from space 2048K, 98% used [0x0000000716e00000,0x0000000716ff8f80,0x0000000717000000)
  to   space 2560K, 0% used [0x0000000716b80000,0x0000000716b80000,0x0000000716e00000)
 ParOldGen       total 5632K, used 2898K [0x00000005c2000000, 0x00000005c2580000, 0x0000000716000000)
  object space 5632K, 51% used [0x00000005c2000000,0x00000005c22d4898,0x00000005c2580000)
 Metaspace       used 7317K, capacity 8244K, committed 8320K, reserved 1056768K
  class space    used 857K, capacity 880K, committed 896K, reserved 1048576K
}

