# JRE version: OpenJDK Runtime Environment (8.0) (build 1.8.0-25-microsoft-b00)
# Java VM: OpenJDK 64-Bit Server VM (25.71-b00 mixed mode windows-amd64 compressed oops)
Heap:
 PSYoungGen      total 283648K, used 41301K [0x00000000eab00000, 0x00000000fd500000, 0x0000000100000000)
  eden space 262144K, 7% used [0x00000000eab00000,0x00000000ebe58eb8,0x00000000fab00000)
  from space 21504K, 99% used [0x00000000fc000000,0x00000000fd4fc628,0x00000000fd500000)
  to   space 21504K, 0% used [0x00000000fab00000,0x00000000fab00000,0x00000000fc000000)
 ParOldGen       total 348160K, used 25436K [0x00000000c0000000, 0x00000000d5400000, 0x00000000eab00000)
  object space 348160K, 7% used [0x00000000c0000000,0x00000000c18d7240,0x00000000d5400000)
 Metaspace       used 9500K, capacity 9908K, committed 10240K, reserved 1058816K
  class space    used 1081K, capacity 1184K, committed 1280K, reserved 1048576K
GC Heap History (4 events):
Event: 0.611 GC heap before
{Heap before GC invocations=1 (full 0):
 PSYoungGen      total 152576K, used 131072K [0x00000000eab00000, 0x00000000f5500000, 0x0000000100000000)
  eden space 131072K, 100% used [0x00000000eab00000,0x00000000f2b00000,0x00000000f2b00000)
  from space 21504K, 0% used [0x00000000f4000000,0x00000000f4000000,0x00000000f5500000)
  to   space 21504K, 0% used [0x00000000f2b00000,0x00000000f2b00000,0x00000000f4000000)
 ParOldGen       total 348160K, used 0K [0x00000000c0000000, 0x00000000d5400000, 0x00000000eab00000)
  object space 348160K, 0% used [0x00000000c0000000,0x00000000c0000000,0x00000000d5400000)
 Metaspace       used 8981K, capacity 9376K, committed 9600K, reserved 1058816K
  class space    used 1022K, capacity 1116K, committed 1152K, reserved 1048576K
Event: 0.634 GC heap after
Heap after GC invocations=1 (full 0):
 PSYoungGen      total 152576K, used 21487K [0x00000000eab00000, 0x00000000fd500000, 0x0000000100000000)
  eden space 131072K, 0% used [0x00000000eab00000,0x00000000eab00000,0x00000000f2b00000)
  from space 21504K, 99% used [0x00000000f2b00000,0x00000000f3ffbd60,0x00000000f4000000)
  to   space 21504K, 0% used [0x00000000fc000000,0x00000000fc000000,0x00000000fd500000)
 ParOldGen       total 348160K, used 11170K [0x00000000c0000000, 0x00000000d5400000, 0x00000000eab00000)
  object space 348160K, 3% used [0x00000000c0000000,0x00000000c0ae8860,0x00000000d5400000)
 Metaspace       used 8981K, capacity 9376K, committed 9600K, reserved 1058816K
  class space    used 1022K, capacity 1116K, committed 1152K, reserved 1048576K
}
Event: 1.022 GC heap before
{Heap before GC invocations=2 (full 0):
 PSYoungGen      total 152576K, used 152559K [0x00000000eab00000, 0x00000000fd500000, 0x0000000100000000)
  eden space 131072K, 100% used [0x00000000eab00000,0x00000000f2b00000,0x00000000f2b00000)
  from space 21504K, 99% used [0x00000000f2b00000,0x00000000f3ffbd60,0x00000000f4000000)
  to   space 21504K, 0% used [0x00000000fc000000,0x00000000fc000000,0x00000000fd500000)
 ParOldGen       total 348160K, used 11170K [0x00000000c0000000, 0x00000000d5400000, 0x00000000eab00000)
  object space 348160K, 3% used [0x00000000c0000000,0x00000000c0ae8860,0x00000000d5400000)
 Metaspace       used 9500K, capacity 9908K, committed 10240K, reserved 1058816K
  class space    used 1081K, capacity 1184K, committed 1280K, reserved 1048576K
Event: 1.053 GC heap after
Heap after GC invocations=2 (full 0):
 PSYoungGen      total 283648K, used 21489K [0x00000000eab00000, 0x00000000fd500000, 0x0000000100000000)
  eden space 262144K, 0% used [0x00000000eab00000,0x00000000eab00000,0x00000000fab00000)
  from space 21504K, 99% used [0x00000000fc000000,0x00000000fd4fc628,0x00000000fd500000)
  to   space 21504K, 0% used [0x00000000fab00000,0x00000000fab00000,0x00000000fc000000)
 ParOldGen       total 348160K, used 25436K [0x00000000c0000000, 0x00000000d5400000, 0x00000000eab00000)
  object space 348160K, 7% used [0x00000000c0000000,0x00000000c18d7240,0x00000000d5400000)
 Metaspace       used 9500K, capacity 9908K, committed 10240K, reserved 1058816K
  class space    used 1081K, capacity 1184K, committed 1280K, reserved 1048576K
}

